This is pdfTeX, Version 3.141592653-2.6-1.40.23 (TeX Live 2021/W32TeX) (preloaded format=latex 2021.12.27)  27 JAN 2022 15:59
entering extended mode
 restricted \write18 enabled.
 %&-line parsing enabled.
**media/Tex/9e2e9dfa71141731.tex
(./media/Tex/9e2e9dfa71141731.tex
LaTeX2e <2021-11-15> patch level 1
L3 programming layer <2021-11-22>

! LaTeX Error: File `standalone.cls' not found.

Type X to quit or <RETURN> to proceed,
or enter new name. (Default extension: cls)

Enter file name: 
! Emergency stop.
<read *> 
         
l.2 ^^M
        
Here is how much of TeX's memory you used:
 24 strings out of 480314
 568 string characters out of 5895553
 290933 words of memory out of 5000000
 17996 multiletter control sequences out of 15000+600000
 403430 words of font info for 27 fonts, out of 8000000 for 9000
 14 hyphenation exceptions out of 8191
 19i,0n,29p,97b,17s stack positions out of 5000i,500n,10000p,200000b,80000s

No pages of output.
